TN:
SF:src/app.ts
FN:13,(anonymous_0)
FNF:1
FNH:1
FNDA:1,(anonymous_0)
DA:6,4
DA:7,4
DA:8,4
DA:9,4
DA:10,4
DA:13,4
DA:14,1
LF:7
LH:7
BRF:0
BRH:0
end_of_record
TN:
SF:src/controllers/project.controller.ts
FN:5,(anonymous_0)
FN:14,(anonymous_1)
FN:34,(anonymous_2)
FN:101,(anonymous_3)
FN:164,(anonymous_4)
FNF:5
FNH:5
FNDA:3,(anonymous_0)
FNDA:6,(anonymous_1)
FNDA:9,(anonymous_2)
FNDA:10,(anonymous_3)
FNDA:6,(anonymous_4)
DA:5,4
DA:6,3
DA:7,3
DA:8,2
DA:10,1
DA:14,4
DA:15,6
DA:16,6
DA:17,6
DA:18,1
DA:20,5
DA:21,5
DA:22,1
DA:24,4
DA:25,3
DA:26,2
DA:28,1
DA:30,1
DA:34,4
DA:35,9
DA:45,9
DA:48,9
DA:54,1
DA:59,8
DA:65,2
DA:69,6
DA:72,6
DA:73,1
DA:77,5
DA:78,1
DA:80,4
DA:81,1
DA:84,3
DA:95,2
DA:97,1
DA:101,4
DA:102,10
DA:103,10
DA:104,10
DA:105,1
DA:107,9
DA:108,9
DA:109,1
DA:121,8
DA:123,8
DA:124,8
DA:125,8
DA:126,8
DA:127,8
DA:128,3
DA:129,1
DA:131,2
DA:134,2
DA:135,1
DA:137,1
DA:139,6
DA:140,2
DA:141,1
DA:143,1
DA:145,5
DA:146,2
DA:147,1
DA:149,1
DA:151,4
DA:152,4
DA:154,4
DA:155,2
DA:157,2
DA:158,1
DA:160,1
DA:164,4
DA:165,6
DA:166,6
DA:167,6
DA:168,1
DA:170,5
DA:171,5
DA:172,1
DA:175,4
DA:176,2
DA:178,2
DA:179,1
DA:181,1
LF:83
LH:83
BRDA:17,0,0,1
BRDA:17,0,1,5
BRDA:21,1,0,1
BRDA:21,1,1,4
BRDA:25,2,0,2
BRDA:25,2,1,1
BRDA:48,3,0,1
BRDA:48,3,1,8
BRDA:49,4,0,9
BRDA:49,4,1,9
BRDA:49,4,2,8
BRDA:49,4,3,8
BRDA:59,5,0,2
BRDA:59,5,1,6
BRDA:60,6,0,8
BRDA:60,6,1,7
BRDA:60,6,2,7
BRDA:60,6,3,7
BRDA:72,7,0,1
BRDA:72,7,1,5
BRDA:77,8,0,1
BRDA:77,8,1,4
BRDA:77,9,0,5
BRDA:77,9,1,2
BRDA:80,10,0,1
BRDA:80,10,1,3
BRDA:80,11,0,4
BRDA:80,11,1,2
BRDA:89,12,0,3
BRDA:89,12,1,2
BRDA:90,13,0,3
BRDA:90,13,1,2
BRDA:91,14,0,3
BRDA:91,14,1,2
BRDA:92,15,0,3
BRDA:92,15,1,2
BRDA:104,16,0,1
BRDA:104,16,1,9
BRDA:108,17,0,1
BRDA:108,17,1,8
BRDA:124,18,0,3
BRDA:124,18,1,5
BRDA:125,19,0,0
BRDA:125,19,1,8
BRDA:126,20,0,0
BRDA:126,20,1,8
BRDA:127,21,0,3
BRDA:127,21,1,5
BRDA:128,22,0,1
BRDA:128,22,1,2
BRDA:134,23,0,1
BRDA:134,23,1,1
BRDA:139,24,0,2
BRDA:139,24,1,4
BRDA:140,25,0,1
BRDA:140,25,1,1
BRDA:145,26,0,2
BRDA:145,26,1,3
BRDA:146,27,0,1
BRDA:146,27,1,1
BRDA:151,28,0,1
BRDA:151,28,1,3
BRDA:152,29,0,0
BRDA:152,29,1,4
BRDA:157,30,0,1
BRDA:157,30,1,1
BRDA:167,31,0,1
BRDA:167,31,1,5
BRDA:171,32,0,1
BRDA:171,32,1,4
BRDA:178,33,0,1
BRDA:178,33,1,1
BRF:72
BRH:69
end_of_record
TN:
SF:src/controllers/techstack.controller.ts
FN:4,(anonymous_0)
FN:13,(anonymous_1)
FN:33,(anonymous_2)
FN:66,(anonymous_3)
FN:109,(anonymous_4)
FNF:5
FNH:5
FNDA:3,(anonymous_0)
FNDA:6,(anonymous_1)
FNDA:5,(anonymous_2)
FNDA:7,(anonymous_3)
FNDA:5,(anonymous_4)
DA:4,4
DA:5,3
DA:6,3
DA:7,2
DA:9,1
DA:13,4
DA:14,6
DA:15,6
DA:16,6
DA:17,1
DA:19,5
DA:20,5
DA:21,1
DA:23,4
DA:24,3
DA:25,2
DA:27,1
DA:29,1
DA:33,4
DA:34,5
DA:35,5
DA:36,5
DA:37,1
DA:41,4
DA:47,1
DA:49,3
DA:55,1
DA:57,2
DA:58,1
DA:62,1
DA:66,4
DA:67,7
DA:68,7
DA:69,7
DA:70,1
DA:72,6
DA:73,6
DA:74,1
DA:76,5
DA:78,5
DA:84,1
DA:89,4
DA:95,1
DA:97,3
DA:98,1
DA:100,2
DA:101,1
DA:105,1
DA:109,4
DA:110,5
DA:111,5
DA:112,5
DA:113,1
DA:115,4
DA:116,4
DA:117,1
DA:119,3
DA:120,1
DA:122,2
DA:123,1
DA:125,1
LF:61
LH:61
BRDA:16,0,0,1
BRDA:16,0,1,5
BRDA:20,1,0,1
BRDA:20,1,1,4
BRDA:24,2,0,2
BRDA:24,2,1,1
BRDA:36,3,0,1
BRDA:36,3,1,4
BRDA:36,4,0,5
BRDA:36,4,1,5
BRDA:36,4,2,5
BRDA:36,4,3,5
BRDA:41,5,0,1
BRDA:41,5,1,3
BRDA:42,6,0,4
BRDA:42,6,1,3
BRDA:42,6,2,3
BRDA:42,6,3,3
BRDA:57,7,0,1
BRDA:57,7,1,1
BRDA:69,8,0,1
BRDA:69,8,1,6
BRDA:73,9,0,1
BRDA:73,9,1,5
BRDA:78,10,0,1
BRDA:78,10,1,4
BRDA:79,11,0,5
BRDA:79,11,1,3
BRDA:79,11,2,3
BRDA:79,11,3,3
BRDA:97,12,0,1
BRDA:97,12,1,2
BRDA:100,13,0,1
BRDA:100,13,1,1
BRDA:112,14,0,1
BRDA:112,14,1,4
BRDA:116,15,0,1
BRDA:116,15,1,3
BRDA:122,16,0,1
BRDA:122,16,1,1
BRF:40
BRH:40
end_of_record
TN:
SF:src/controllers/user.controller.ts
FN:4,(anonymous_0)
FN:13,(anonymous_1)
FN:33,(anonymous_2)
FN:56,(anonymous_3)
FN:97,(anonymous_4)
FNF:5
FNH:5
FNDA:3,(anonymous_0)
FNDA:6,(anonymous_1)
FNDA:6,(anonymous_2)
FNDA:9,(anonymous_3)
FNDA:5,(anonymous_4)
DA:4,4
DA:5,3
DA:6,3
DA:7,2
DA:9,1
DA:13,4
DA:14,6
DA:15,6
DA:16,6
DA:17,1
DA:19,5
DA:20,5
DA:21,1
DA:23,4
DA:24,3
DA:25,2
DA:27,1
DA:29,1
DA:33,4
DA:34,6
DA:35,6
DA:36,6
DA:37,1
DA:41,5
DA:42,2
DA:44,3
DA:45,1
DA:47,2
DA:48,1
DA:52,1
DA:56,4
DA:57,9
DA:58,9
DA:59,9
DA:60,1
DA:62,8
DA:63,8
DA:64,1
DA:66,7
DA:68,7
DA:69,1
DA:74,6
DA:75,1
DA:78,5
DA:79,1
DA:82,4
DA:83,1
DA:85,3
DA:86,1
DA:88,2
DA:89,1
DA:93,1
DA:97,4
DA:98,5
DA:99,5
DA:100,5
DA:101,1
DA:103,4
DA:104,4
DA:105,1
DA:107,3
DA:108,1
DA:110,2
DA:111,1
DA:113,1
LF:65
LH:65
BRDA:16,0,0,1
BRDA:16,0,1,5
BRDA:20,1,0,1
BRDA:20,1,1,4
BRDA:24,2,0,2
BRDA:24,2,1,1
BRDA:36,3,0,1
BRDA:36,3,1,5
BRDA:36,4,0,6
BRDA:36,4,1,6
BRDA:41,5,0,2
BRDA:41,5,1,3
BRDA:41,6,0,5
BRDA:41,6,1,4
BRDA:47,7,0,1
BRDA:47,7,1,1
BRDA:59,8,0,1
BRDA:59,8,1,8
BRDA:63,9,0,1
BRDA:63,9,1,7
BRDA:68,10,0,1
BRDA:68,10,1,6
BRDA:68,11,0,7
BRDA:68,11,1,2
BRDA:74,12,0,1
BRDA:74,12,1,5
BRDA:74,13,0,6
BRDA:74,13,1,5
BRDA:78,14,0,1
BRDA:78,14,1,4
BRDA:78,15,0,5
BRDA:78,15,1,1
BRDA:85,16,0,1
BRDA:85,16,1,2
BRDA:88,17,0,1
BRDA:88,17,1,1
BRDA:100,18,0,1
BRDA:100,18,1,4
BRDA:104,19,0,1
BRDA:104,19,1,3
BRDA:110,20,0,1
BRDA:110,20,1,1
BRF:42
BRH:42
end_of_record
TN:
SF:src/generated/prisma/client.ts
FNF:0
FNH:0
DA:16,4
DA:40,4
LF:2
LH:2
BRF:0
BRH:0
end_of_record
TN:
SF:src/generated/prisma/internal/class.ts
FN:41,decodeBase64AsWasm
FN:48,(anonymous_1)
FN:50,(anonymous_2)
FN:222,getPrismaClientClass
FNF:4
FNH:4
FNDA:4,decodeBase64AsWasm
FNDA:4,(anonymous_1)
FNDA:4,(anonymous_2)
FNDA:4,getPrismaClientClass
DA:18,4
DA:35,4
DA:36,4
DA:42,4
DA:43,4
DA:44,4
DA:47,4
DA:48,4
DA:51,4
DA:52,4
DA:223,4
LF:11
LH:11
BRF:0
BRH:0
end_of_record
TN:
SF:src/generated/prisma/internal/prismaNamespace.ts
FNF:0
FNH:0
DA:32,4
DA:35,4
DA:38,4
DA:41,4
DA:44,4
DA:50,4
DA:51,4
DA:52,4
DA:53,4
DA:54,4
DA:62,4
DA:71,4
DA:86,4
DA:104,4
DA:114,4
DA:121,4
DA:128,4
DA:386,4
DA:660,4
DA:670,4
DA:679,4
DA:694,4
DA:705,4
DA:713,4
DA:721,4
DA:783,4
LF:26
LH:26
BRF:0
BRH:0
end_of_record
TN:
SF:src/lib/prisma.ts
FNF:0
FNH:0
DA:5,4
DA:9,4
LF:2
LH:2
BRF:0
BRH:0
end_of_record
TN:
SF:src/lib/seed.ts
FN:3,StartDBSeeding
FNF:1
FNH:1
FNDA:3,StartDBSeeding
DA:4,3
DA:6,3
DA:7,3
DA:8,3
DA:10,3
DA:11,3
DA:12,3
DA:13,3
DA:15,0
DA:16,0
DA:19,3
DA:20,0
DA:21,0
DA:66,0
DA:67,0
DA:69,0
DA:72,3
DA:73,0
DA:75,0
DA:82,0
DA:95,0
DA:96,0
DA:98,0
DA:99,0
DA:101,0
DA:104,3
LF:26
LH:11
BRDA:19,0,0,0
BRDA:19,0,1,3
BRDA:72,1,0,0
BRDA:72,1,1,3
BRDA:72,2,0,3
BRDA:72,2,1,0
BRDA:98,3,0,0
BRDA:98,3,1,0
BRDA:98,4,0,0
BRDA:98,4,1,0
BRF:10
BRH:3
end_of_record
TN:
SF:src/routes/project.routes.ts
FNF:0
FNH:0
DA:10,4
DA:12,4
DA:13,4
DA:14,4
DA:15,4
DA:16,4
DA:17,4
LF:7
LH:7
BRF:0
BRH:0
end_of_record
TN:
SF:src/routes/techstack.routes.ts
FNF:0
FNH:0
DA:10,4
DA:12,4
DA:13,4
DA:14,4
DA:15,4
DA:16,4
LF:6
LH:6
BRF:0
BRH:0
end_of_record
TN:
SF:src/routes/user.routes.ts
FNF:0
FNH:0
DA:10,4
DA:12,4
DA:13,4
DA:14,4
DA:15,4
DA:16,4
DA:17,4
LF:7
LH:7
BRF:0
BRH:0
end_of_record
TN:
SF:src/services/project.service.ts
FN:3,(anonymous_0)
FN:11,(anonymous_1)
FN:20,(anonymous_2)
FN:35,(anonymous_3)
FN:54,(anonymous_4)
FNF:5
FNH:5
FNDA:3,(anonymous_0)
FNDA:4,(anonymous_1)
FNDA:3,(anonymous_2)
FNDA:4,(anonymous_3)
FNDA:4,(anonymous_4)
DA:3,4
DA:4,3
DA:11,4
DA:12,4
DA:20,4
DA:30,3
DA:35,4
DA:48,4
DA:54,4
DA:55,4
LF:10
LH:10
BRF:0
BRH:0
end_of_record
TN:
SF:src/services/startup.service.ts
FN:3,Startup
FNF:1
FNH:1
FNDA:3,Startup
DA:4,3
DA:6,3
LF:2
LH:2
BRF:0
BRH:0
end_of_record
TN:
SF:src/services/techstack.service.ts
FN:3,(anonymous_0)
FN:7,(anonymous_1)
FN:13,(anonymous_2)
FN:24,(anonymous_3)
FN:39,(anonymous_4)
FNF:5
FNH:5
FNDA:3,(anonymous_0)
FNDA:4,(anonymous_1)
FNDA:3,(anonymous_2)
FNDA:4,(anonymous_3)
FNDA:3,(anonymous_4)
DA:3,4
DA:4,3
DA:7,4
DA:8,4
DA:13,4
DA:19,3
DA:24,4
DA:33,4
DA:39,4
DA:40,3
LF:10
LH:10
BRF:0
BRH:0
end_of_record
TN:
SF:src/services/user.service.ts
FN:3,(anonymous_0)
FN:9,(anonymous_1)
FN:16,(anonymous_2)
FN:22,(anonymous_3)
FN:32,(anonymous_4)
FNF:5
FNH:5
FNDA:3,(anonymous_0)
FNDA:4,(anonymous_1)
FNDA:3,(anonymous_2)
FNDA:4,(anonymous_3)
FNDA:3,(anonymous_4)
DA:3,4
DA:4,3
DA:9,4
DA:10,4
DA:16,4
DA:17,3
DA:22,4
DA:26,4
DA:32,4
DA:33,3
LF:10
LH:10
BRF:0
BRH:0
end_of_record
